{
  "RSpec": {
    "coverage": {
      "/Users/makerslaptop079/Documents/Projects/battle_ships/battleships/spec/features/1player_1ship_spec.rb": [
        1,
        1,
        null,
        1,
        1,
        1,
        1,
        1,
        1,
        null,
        null,
        1,
        1,
        1,
        11,
        2,
        null,
        1,
        1,
        1,
        1,
        1,
        null,
        null,
        null,
        null,
        null,
        null,
        null,
        null,
        null,
        null,
        null,
        null,
        null,
        null,
        null
      ],
      "/Users/makerslaptop079/Documents/Projects/battle_ships/battleships/lib/port.rb": [
        1,
        null,
        1,
        null,
        1,
        null,
        1,
        6,
        6,
        null,
        null,
        1,
        25,
        23,
        null,
        null,
        1,
        1,
        1,
        null,
        null,
        1,
        1,
        null,
        1,
        25,
        null,
        null,
        1,
        1,
        null,
        null,
        null,
        null
      ],
      "/Users/makerslaptop079/Documents/Projects/battle_ships/battleships/lib/ship.rb": [
        1,
        null,
        1,
        1,
        null,
        null
      ],
      "/Users/makerslaptop079/Documents/Projects/battle_ships/battleships/spec/port_spec.rb": [
        1,
        1,
        null,
        1,
        2,
        null,
        1,
        1,
        1,
        null,
        1,
        1,
        11,
        2,
        null,
        null,
        null,
        null,
        null
      ]
    },
    "timestamp": 1430925218
  }
}
